Success (2):
datatype 3611 {urn:com:appian:types}TestCDTV11 "{urn:com:appian:types}TestCDTV11"
dataStore 54221 _a-0000de5f-7bd3-8000-3120-01ef9001ef90_3964 "TestDataSource"

Referenced precedents that were not exported (1):
datatype 3499 {urn:com:appian:types}TestDataType

Trace:
2017-03-14 13:26:46.824 DEBUG datatype 3611 {urn:com:appian:types}TestCDTV11 Begin transport.
2017-03-14 13:26:46.824 DEBUG datatype 3611 {urn:com:appian:types}TestCDTV11 Retrieving object data.
2017-03-14 13:26:46.83 DEBUG datatype 3611 {urn:com:appian:types}TestCDTV11 Setting uuids of object references.
2017-03-14 13:26:46.831 DEBUG datatype 3611 {urn:com:appian:types}TestCDTV11 Completing produce.
2017-03-14 13:26:46.831 DEBUG datatype 3611 {urn:com:appian:types}TestCDTV11 Exporting binary resources.
2017-03-14 13:26:46.831 DEBUG datatype 3611 {urn:com:appian:types}TestCDTV11 Serializing object to XML.
2017-03-14 13:26:46.832 DEBUG datatype 3611 {urn:com:appian:types}TestCDTV11 Object transported.
2017-03-14 13:26:46.837 DEBUG dataStore 54221 _a-0000de5f-7bd3-8000-3120-01ef9001ef90_3964 Begin transport.
2017-03-14 13:26:46.837 DEBUG dataStore 54221 _a-0000de5f-7bd3-8000-3120-01ef9001ef90_3964 Retrieving object data.
2017-03-14 13:26:46.84 DEBUG dataStore 54221 _a-0000de5f-7bd3-8000-3120-01ef9001ef90_3964 Setting uuids of object references.
2017-03-14 13:26:46.841 DEBUG dataStore 54221 _a-0000de5f-7bd3-8000-3120-01ef9001ef90_3964 Processing reference: datatypeRef[id=3499]
2017-03-14 13:26:46.841 DEBUG dataStore 54221 _a-0000de5f-7bd3-8000-3120-01ef9001ef90_3964 Processing reference: datatypeRef[id=3611]
2017-03-14 13:26:46.841 DEBUG dataStore 54221 _a-0000de5f-7bd3-8000-3120-01ef9001ef90_3964 Processing reference: ContentRole[name=administrators,inherit=false,allowForAll=false]
2017-03-14 13:26:46.841 DEBUG dataStore 54221 _a-0000de5f-7bd3-8000-3120-01ef9001ef90_3964 Processing reference: ContentRole[name=authors,inherit=false,allowForAll=false]
2017-03-14 13:26:46.841 DEBUG dataStore 54221 _a-0000de5f-7bd3-8000-3120-01ef9001ef90_3964 Processing reference: ContentRole[name=denyAdministrators,inherit=false,allowForAll=false]
2017-03-14 13:26:46.841 DEBUG dataStore 54221 _a-0000de5f-7bd3-8000-3120-01ef9001ef90_3964 Processing reference: ContentRole[name=denyAuthors,inherit=false,allowForAll=false]
2017-03-14 13:26:46.842 DEBUG dataStore 54221 _a-0000de5f-7bd3-8000-3120-01ef9001ef90_3964 Processing reference: ContentRole[name=denyReaders,inherit=false,allowForAll=false]
2017-03-14 13:26:46.842 DEBUG dataStore 54221 _a-0000de5f-7bd3-8000-3120-01ef9001ef90_3964 Processing reference: ContentRole[name=readers,inherit=false,allowForAll=false]
2017-03-14 13:26:46.842 DEBUG dataStore 54221 _a-0000de5f-7bd3-8000-3120-01ef9001ef90_3964 Completing produce.
2017-03-14 13:26:46.842 DEBUG dataStore 54221 _a-0000de5f-7bd3-8000-3120-01ef9001ef90_3964 Exporting binary resources.
2017-03-14 13:26:46.842 DEBUG dataStore 54221 _a-0000de5f-7bd3-8000-3120-01ef9001ef90_3964 Serializing object to XML.
2017-03-14 13:26:46.842 DEBUG dataStore 54221 _a-0000de5f-7bd3-8000-3120-01ef9001ef90_3964 Object transported.
